<?xml version="1.0" encoding="UTF-8"?>
<!-- Generated by org.testng.reporters.JUnitReportReporter -->
<testsuite hostname="LAPTOP-AOCLE7U0" failures="0" tests="1" name="GoogleTest" time="11.068" errors="0" timestamp="2023-04-18T21:00:05 IST" skipped="0">
  <testcase classname="GoogleTest" name="HomePageCheck" time="11.068"/>
  <system-out/>
</testsuite> <!-- GoogleTest -->
